{"meta": {"format": 3, "version": "7.8.0", "timestamp": "2025-06-02T13:33:51.067115", "branch_coverage": false, "show_contexts": false}, "files": {"src/darca_space_manager/__init__.py": {"executed_lines": [1, 9, 11], "summary": {"covered_lines": 2, "num_statements": 2, "percent_covered": 100.0, "percent_covered_display": "100", "missing_lines": 0, "excluded_lines": 0}, "missing_lines": [], "excluded_lines": [], "functions": {"": {"executed_lines": [1, 9, 11], "summary": {"covered_lines": 2, "num_statements": 2, "percent_covered": 100.0, "percent_covered_display": "100", "missing_lines": 0, "excluded_lines": 0}, "missing_lines": [], "excluded_lines": []}}, "classes": {"": {"executed_lines": [1, 9, 11], "summary": {"covered_lines": 2, "num_statements": 2, "percent_covered": 100.0, "percent_covered_display": "100", "missing_lines": 0, "excluded_lines": 0}, "missing_lines": [], "excluded_lines": []}}}, "src/darca_space_manager/__version__.py": {"executed_lines": [3, 4, 5], "summary": {"covered_lines": 3, "num_statements": 3, "percent_covered": 100.0, "percent_covered_display": "100", "missing_lines": 0, "excluded_lines": 0}, "missing_lines": [], "excluded_lines": [], "functions": {"": {"executed_lines": [3, 4, 5], "summary": {"covered_lines": 3, "num_statements": 3, "percent_covered": 100.0, "percent_covered_display": "100", "missing_lines": 0, "excluded_lines": 0}, "missing_lines": [], "excluded_lines": []}}, "classes": {"": {"executed_lines": [3, 4, 5], "summary": {"covered_lines": 3, "num_statements": 3, "percent_covered": 100.0, "percent_covered_display": "100", "missing_lines": 0, "excluded_lines": 0}, "missing_lines": [], "excluded_lines": []}}}, "src/darca_space_manager/api/space_service.py": {"executed_lines": [4, 5, 7, 8, 9, 10, 11, 12, 13, 16, 17, 23, 24, 25, 31, 32, 33, 35, 47, 48, 49, 51, 52, 53, 55, 56, 58, 68, 69, 77, 78, 79, 80, 82, 84, 100, 101, 104, 105, 108, 109, 110, 111, 119, 120, 122, 136, 145, 146, 147, 148, 149, 151, 152, 153, 154, 155, 156, 157, 158, 160, 161, 162, 163, 164, 165, 166, 167, 169, 170, 171, 172, 173, 175, 176, 177, 178, 179, 185, 186, 187, 188, 189, 190, 191, 193, 194, 195, 196, 197, 198, 199, 201, 202, 203, 205, 208, 209, 210, 211, 212, 218], "summary": {"covered_lines": 102, "num_statements": 129, "percent_covered": 79.06976744186046, "percent_covered_display": "79", "missing_lines": 27, "excluded_lines": 0}, "missing_lines": [50, 102, 112, 114, 115, 116, 123, 124, 125, 126, 128, 129, 130, 132, 134, 137, 138, 139, 206, 229, 230, 231, 232, 233, 234, 242, 243], "excluded_lines": [], "functions": {"SpaceService.__init__": {"executed_lines": [23, 24, 25], "summary": {"covered_lines": 3, "num_statements": 3, "percent_covered": 100.0, "percent_covered_display": "100", "missing_lines": 0, "excluded_lines": 0}, "missing_lines": [], "excluded_lines": []}, "SpaceService.get_space": {"executed_lines": [32, 33], "summary": {"covered_lines": 2, "num_statements": 2, "percent_covered": 100.0, "percent_covered_display": "100", "missing_lines": 0, "excluded_lines": 0}, "missing_lines": [], "excluded_lines": []}, "SpaceService.list_spaces": {"executed_lines": [47, 48, 49, 51, 52, 53, 55, 56], "summary": {"covered_lines": 8, "num_statements": 9, "percent_covered": 88.88888888888889, "percent_covered_display": "89", "missing_lines": 1, "excluded_lines": 0}, "missing_lines": [50], "excluded_lines": []}, "SpaceService.create_space": {"executed_lines": [68, 69, 77, 78, 79, 80, 82], "summary": {"covered_lines": 7, "num_statements": 7, "percent_covered": 100.0, "percent_covered_display": "100", "missing_lines": 0, "excluded_lines": 0}, "missing_lines": [], "excluded_lines": []}, "SpaceService.delete_space": {"executed_lines": [100, 101, 104, 105, 108, 109, 110, 111, 119, 120], "summary": {"covered_lines": 10, "num_statements": 15, "percent_covered": 66.66666666666667, "percent_covered_display": "67", "missing_lines": 5, "excluded_lines": 0}, "missing_lines": [102, 112, 114, 115, 116], "excluded_lines": []}, "SpaceService.rename_space": {"executed_lines": [], "summary": {"covered_lines": 0, "num_statements": 9, "percent_covered": 0.0, "percent_covered_display": "0", "missing_lines": 9, "excluded_lines": 0}, "missing_lines": [123, 124, 125, 126, 128, 129, 130, 132, 134], "excluded_lines": []}, "SpaceService.set_label": {"executed_lines": [], "summary": {"covered_lines": 0, "num_statements": 3, "percent_covered": 0.0, "percent_covered_display": "0", "missing_lines": 3, "excluded_lines": 0}, "missing_lines": [137, 138, 139], "excluded_lines": []}, "SpaceService.read_file": {"executed_lines": [146, 147, 148, 149], "summary": {"covered_lines": 4, "num_statements": 4, "percent_covered": 100.0, "percent_covered_display": "100", "missing_lines": 0, "excluded_lines": 0}, "missing_lines": [], "excluded_lines": []}, "SpaceService.write_file": {"executed_lines": [152, 153, 154, 155, 156, 157, 158], "summary": {"covered_lines": 7, "num_statements": 7, "percent_covered": 100.0, "percent_covered_display": "100", "missing_lines": 0, "excluded_lines": 0}, "missing_lines": [], "excluded_lines": []}, "SpaceService.delete_file": {"executed_lines": [161, 162, 163, 164, 165, 166, 167], "summary": {"covered_lines": 7, "num_statements": 7, "percent_covered": 100.0, "percent_covered_display": "100", "missing_lines": 0, "excluded_lines": 0}, "missing_lines": [], "excluded_lines": []}, "SpaceService.file_exists": {"executed_lines": [170, 171, 172, 173], "summary": {"covered_lines": 4, "num_statements": 4, "percent_covered": 100.0, "percent_covered_display": "100", "missing_lines": 0, "excluded_lines": 0}, "missing_lines": [], "excluded_lines": []}, "SpaceService.file_last_modified": {"executed_lines": [176, 177, 178, 179], "summary": {"covered_lines": 4, "num_statements": 4, "percent_covered": 100.0, "percent_covered_display": "100", "missing_lines": 0, "excluded_lines": 0}, "missing_lines": [], "excluded_lines": []}, "SpaceService.create_dir": {"executed_lines": [186, 187, 188, 189, 190, 191], "summary": {"covered_lines": 6, "num_statements": 6, "percent_covered": 100.0, "percent_covered_display": "100", "missing_lines": 0, "excluded_lines": 0}, "missing_lines": [], "excluded_lines": []}, "SpaceService.delete_dir": {"executed_lines": [194, 195, 196, 197, 198, 199], "summary": {"covered_lines": 6, "num_statements": 6, "percent_covered": 100.0, "percent_covered_display": "100", "missing_lines": 0, "excluded_lines": 0}, "missing_lines": [], "excluded_lines": []}, "SpaceService.move_path": {"executed_lines": [202, 203, 205, 208, 209, 210, 211, 212], "summary": {"covered_lines": 8, "num_statements": 9, "percent_covered": 88.88888888888889, "percent_covered_display": "89", "missing_lines": 1, "excluded_lines": 0}, "missing_lines": [206], "excluded_lines": []}, "SpaceService.run": {"executed_lines": [], "summary": {"covered_lines": 0, "num_statements": 8, "percent_covered": 0.0, "percent_covered_display": "0", "missing_lines": 8, "excluded_lines": 0}, "missing_lines": [229, 230, 231, 232, 233, 234, 242, 243], "excluded_lines": []}, "": {"executed_lines": [4, 5, 7, 8, 9, 10, 11, 12, 13, 16, 17, 31, 35, 58, 84, 122, 136, 145, 151, 160, 169, 175, 185, 193, 201, 218], "summary": {"covered_lines": 26, "num_statements": 26, "percent_covered": 100.0, "percent_covered_display": "100", "missing_lines": 0, "excluded_lines": 0}, "missing_lines": [], "excluded_lines": []}}, "classes": {"SpaceService": {"executed_lines": [23, 24, 25, 32, 33, 47, 48, 49, 51, 52, 53, 55, 56, 68, 69, 77, 78, 79, 80, 82, 100, 101, 104, 105, 108, 109, 110, 111, 119, 120, 146, 147, 148, 149, 152, 153, 154, 155, 156, 157, 158, 161, 162, 163, 164, 165, 166, 167, 170, 171, 172, 173, 176, 177, 178, 179, 186, 187, 188, 189, 190, 191, 194, 195, 196, 197, 198, 199, 202, 203, 205, 208, 209, 210, 211, 212], "summary": {"covered_lines": 76, "num_statements": 103, "percent_covered": 73.7864077669903, "percent_covered_display": "74", "missing_lines": 27, "excluded_lines": 0}, "missing_lines": [50, 102, 112, 114, 115, 116, 123, 124, 125, 126, 128, 129, 130, 132, 134, 137, 138, 139, 206, 229, 230, 231, 232, 233, 234, 242, 243], "excluded_lines": []}, "": {"executed_lines": [4, 5, 7, 8, 9, 10, 11, 12, 13, 16, 17, 31, 35, 58, 84, 122, 136, 145, 151, 160, 169, 175, 185, 193, 201, 218], "summary": {"covered_lines": 26, "num_statements": 26, "percent_covered": 100.0, "percent_covered_display": "100", "missing_lines": 0, "excluded_lines": 0}, "missing_lines": [], "excluded_lines": []}}}, "src/darca_space_manager/config.py": {"executed_lines": [1, 4, 6, 11, 13, 14, 22, 24, 25], "summary": {"covered_lines": 9, "num_statements": 9, "percent_covered": 100.0, "percent_covered_display": "100", "missing_lines": 0, "excluded_lines": 0}, "missing_lines": [], "excluded_lines": [], "functions": {"get_base_dir": {"executed_lines": [6], "summary": {"covered_lines": 1, "num_statements": 1, "percent_covered": 100.0, "percent_covered_display": "100", "missing_lines": 0, "excluded_lines": 0}, "missing_lines": [], "excluded_lines": []}, "get_directories": {"executed_lines": [13, 14], "summary": {"covered_lines": 2, "num_statements": 2, "percent_covered": 100.0, "percent_covered_display": "100", "missing_lines": 0, "excluded_lines": 0}, "missing_lines": [], "excluded_lines": []}, "ensure_directories_exist": {"executed_lines": [24, 25], "summary": {"covered_lines": 2, "num_statements": 2, "percent_covered": 100.0, "percent_covered_display": "100", "missing_lines": 0, "excluded_lines": 0}, "missing_lines": [], "excluded_lines": []}, "": {"executed_lines": [1, 4, 11, 22], "summary": {"covered_lines": 4, "num_statements": 4, "percent_covered": 100.0, "percent_covered_display": "100", "missing_lines": 0, "excluded_lines": 0}, "missing_lines": [], "excluded_lines": []}}, "classes": {"": {"executed_lines": [1, 4, 6, 11, 13, 14, 22, 24, 25], "summary": {"covered_lines": 9, "num_statements": 9, "percent_covered": 100.0, "percent_covered_display": "100", "missing_lines": 0, "excluded_lines": 0}, "missing_lines": [], "excluded_lines": []}}}, "src/darca_space_manager/iospace/iospace_exec.py": {"executed_lines": [4, 5, 6, 7, 8, 9, 11, 14, 15, 25, 26, 30, 35], "summary": {"covered_lines": 12, "num_statements": 28, "percent_covered": 42.857142857142854, "percent_covered_display": "43", "missing_lines": 16, "excluded_lines": 0}, "missing_lines": [22, 31, 32, 33, 58, 59, 61, 63, 72, 73, 75, 76, 77, 89, 90, 91], "excluded_lines": [], "functions": {"IOSpaceExecException.__init__": {"executed_lines": [], "summary": {"covered_lines": 0, "num_statements": 1, "percent_covered": 0.0, "percent_covered_display": "0", "missing_lines": 1, "excluded_lines": 0}, "missing_lines": [22], "excluded_lines": []}, "IOSpaceExec.__init__": {"executed_lines": [], "summary": {"covered_lines": 0, "num_statements": 3, "percent_covered": 0.0, "percent_covered_display": "0", "missing_lines": 3, "excluded_lines": 0}, "missing_lines": [31, 32, 33], "excluded_lines": []}, "IOSpaceExec.run": {"executed_lines": [], "summary": {"covered_lines": 0, "num_statements": 12, "percent_covered": 0.0, "percent_covered_display": "0", "missing_lines": 12, "excluded_lines": 0}, "missing_lines": [58, 59, 61, 63, 72, 73, 75, 76, 77, 89, 90, 91], "excluded_lines": []}, "": {"executed_lines": [4, 5, 6, 7, 8, 9, 11, 14, 15, 25, 26, 30, 35], "summary": {"covered_lines": 12, "num_statements": 12, "percent_covered": 100.0, "percent_covered_display": "100", "missing_lines": 0, "excluded_lines": 0}, "missing_lines": [], "excluded_lines": []}}, "classes": {"IOSpaceExecException": {"executed_lines": [], "summary": {"covered_lines": 0, "num_statements": 1, "percent_covered": 0.0, "percent_covered_display": "0", "missing_lines": 1, "excluded_lines": 0}, "missing_lines": [22], "excluded_lines": []}, "IOSpaceExec": {"executed_lines": [], "summary": {"covered_lines": 0, "num_statements": 15, "percent_covered": 0.0, "percent_covered_display": "0", "missing_lines": 15, "excluded_lines": 0}, "missing_lines": [31, 32, 33, 58, 59, 61, 63, 72, 73, 75, 76, 77, 89, 90, 91], "excluded_lines": []}, "": {"executed_lines": [4, 5, 6, 7, 8, 9, 11, 14, 15, 25, 26, 30, 35], "summary": {"covered_lines": 12, "num_statements": 12, "percent_covered": 100.0, "percent_covered_display": "100", "missing_lines": 0, "excluded_lines": 0}, "missing_lines": [], "excluded_lines": []}}}, "src/darca_space_manager/iospace/iospace_file.py": {"executed_lines": [3, 5, 6, 7, 8, 10, 11, 12, 13, 14, 16, 19, 20, 21, 29, 30, 34, 35, 36, 38, 39, 40, 41, 42, 43, 44, 45, 48, 49, 50, 57, 58, 59, 60, 61, 62, 63, 65, 70, 71, 78, 79, 86, 87, 88, 89, 90, 97, 98, 99, 100, 101, 108, 109, 110, 119, 120, 121, 130, 131, 132, 133, 134, 141, 142, 143, 152, 153, 154], "summary": {"covered_lines": 68, "num_statements": 78, "percent_covered": 87.17948717948718, "percent_covered_display": "87", "missing_lines": 10, "excluded_lines": 0}, "missing_lines": [47, 73, 111, 112, 122, 123, 144, 145, 155, 156], "excluded_lines": [], "functions": {"IOSpaceFileException.__init__": {"executed_lines": [21], "summary": {"covered_lines": 1, "num_statements": 1, "percent_covered": 100.0, "percent_covered_display": "100", "missing_lines": 0, "excluded_lines": 0}, "missing_lines": [], "excluded_lines": []}, "IOSpaceFile.__init__": {"executed_lines": [35, 36], "summary": {"covered_lines": 2, "num_statements": 2, "percent_covered": 100.0, "percent_covered_display": "100", "missing_lines": 0, "excluded_lines": 0}, "missing_lines": [], "excluded_lines": []}, "IOSpaceFile.read_file": {"executed_lines": [39, 40, 41, 42, 43, 44, 45, 48, 49, 50], "summary": {"covered_lines": 10, "num_statements": 11, "percent_covered": 90.9090909090909, "percent_covered_display": "91", "missing_lines": 1, "excluded_lines": 0}, "missing_lines": [47], "excluded_lines": []}, "IOSpaceFile.write_file": {"executed_lines": [58, 59, 60, 61, 62, 63, 65, 70, 71, 78, 79], "summary": {"covered_lines": 11, "num_statements": 12, "percent_covered": 91.66666666666667, "percent_covered_display": "92", "missing_lines": 1, "excluded_lines": 0}, "missing_lines": [73], "excluded_lines": []}, "IOSpaceFile.delete_file": {"executed_lines": [87, 88, 89, 90], "summary": {"covered_lines": 4, "num_statements": 4, "percent_covered": 100.0, "percent_covered_display": "100", "missing_lines": 0, "excluded_lines": 0}, "missing_lines": [], "excluded_lines": []}, "IOSpaceFile.file_exists": {"executed_lines": [98, 99, 100, 101], "summary": {"covered_lines": 4, "num_statements": 4, "percent_covered": 100.0, "percent_covered_display": "100", "missing_lines": 0, "excluded_lines": 0}, "missing_lines": [], "excluded_lines": []}, "IOSpaceFile.file_last_modified": {"executed_lines": [109, 110], "summary": {"covered_lines": 2, "num_statements": 4, "percent_covered": 50.0, "percent_covered_display": "50", "missing_lines": 2, "excluded_lines": 0}, "missing_lines": [111, 112], "excluded_lines": []}, "IOSpaceFile.list_files": {"executed_lines": [120, 121], "summary": {"covered_lines": 2, "num_statements": 4, "percent_covered": 50.0, "percent_covered_display": "50", "missing_lines": 2, "excluded_lines": 0}, "missing_lines": [122, 123], "excluded_lines": []}, "IOSpaceFile.create_dir": {"executed_lines": [131, 132, 133, 134], "summary": {"covered_lines": 4, "num_statements": 4, "percent_covered": 100.0, "percent_covered_display": "100", "missing_lines": 0, "excluded_lines": 0}, "missing_lines": [], "excluded_lines": []}, "IOSpaceFile.delete_dir": {"executed_lines": [142, 143], "summary": {"covered_lines": 2, "num_statements": 4, "percent_covered": 50.0, "percent_covered_display": "50", "missing_lines": 2, "excluded_lines": 0}, "missing_lines": [144, 145], "excluded_lines": []}, "IOSpaceFile.move": {"executed_lines": [153, 154], "summary": {"covered_lines": 2, "num_statements": 4, "percent_covered": 50.0, "percent_covered_display": "50", "missing_lines": 2, "excluded_lines": 0}, "missing_lines": [155, 156], "excluded_lines": []}, "": {"executed_lines": [3, 5, 6, 7, 8, 10, 11, 12, 13, 14, 16, 19, 20, 29, 30, 34, 38, 57, 86, 97, 108, 119, 130, 141, 152], "summary": {"covered_lines": 24, "num_statements": 24, "percent_covered": 100.0, "percent_covered_display": "100", "missing_lines": 0, "excluded_lines": 0}, "missing_lines": [], "excluded_lines": []}}, "classes": {"IOSpaceFileException": {"executed_lines": [21], "summary": {"covered_lines": 1, "num_statements": 1, "percent_covered": 100.0, "percent_covered_display": "100", "missing_lines": 0, "excluded_lines": 0}, "missing_lines": [], "excluded_lines": []}, "IOSpaceFile": {"executed_lines": [35, 36, 39, 40, 41, 42, 43, 44, 45, 48, 49, 50, 58, 59, 60, 61, 62, 63, 65, 70, 71, 78, 79, 87, 88, 89, 90, 98, 99, 100, 101, 109, 110, 120, 121, 131, 132, 133, 134, 142, 143, 153, 154], "summary": {"covered_lines": 43, "num_statements": 53, "percent_covered": 81.13207547169812, "percent_covered_display": "81", "missing_lines": 10, "excluded_lines": 0}, "missing_lines": [47, 73, 111, 112, 122, 123, 144, 145, 155, 156], "excluded_lines": []}, "": {"executed_lines": [3, 5, 6, 7, 8, 10, 11, 12, 13, 14, 16, 19, 20, 29, 30, 34, 38, 57, 86, 97, 108, 119, 130, 141, 152], "summary": {"covered_lines": 24, "num_statements": 24, "percent_covered": 100.0, "percent_covered_display": "100", "missing_lines": 0, "excluded_lines": 0}, "missing_lines": [], "excluded_lines": []}}}, "src/darca_space_manager/lock/file_lock_manager.py": {"executed_lines": [4, 5, 6, 7, 9, 10, 15, 16, 17, 18, 19, 20, 22, 23, 24, 25, 26, 27, 28, 29], "summary": {"covered_lines": 19, "num_statements": 19, "percent_covered": 100.0, "percent_covered_display": "100", "missing_lines": 0, "excluded_lines": 0}, "missing_lines": [], "excluded_lines": [], "functions": {"FileLockManager.acquire": {"executed_lines": [17, 20], "summary": {"covered_lines": 2, "num_statements": 2, "percent_covered": 100.0, "percent_covered_display": "100", "missing_lines": 0, "excluded_lines": 0}, "missing_lines": [], "excluded_lines": []}, "FileLockManager.acquire.async_lock": {"executed_lines": [18, 19], "summary": {"covered_lines": 2, "num_statements": 2, "percent_covered": 100.0, "percent_covered_display": "100", "missing_lines": 0, "excluded_lines": 0}, "missing_lines": [], "excluded_lines": []}, "FileLockManager.acquire_many": {"executed_lines": [24, 29], "summary": {"covered_lines": 2, "num_statements": 2, "percent_covered": 100.0, "percent_covered_display": "100", "missing_lines": 0, "excluded_lines": 0}, "missing_lines": [], "excluded_lines": []}, "FileLockManager.acquire_many.async_multi_lock": {"executed_lines": [25, 26, 27, 28], "summary": {"covered_lines": 4, "num_statements": 4, "percent_covered": 100.0, "percent_covered_display": "100", "missing_lines": 0, "excluded_lines": 0}, "missing_lines": [], "excluded_lines": []}, "": {"executed_lines": [4, 5, 6, 7, 9, 10, 15, 16, 22, 23], "summary": {"covered_lines": 9, "num_statements": 9, "percent_covered": 100.0, "percent_covered_display": "100", "missing_lines": 0, "excluded_lines": 0}, "missing_lines": [], "excluded_lines": []}}, "classes": {"FileLockManager": {"executed_lines": [17, 18, 19, 20, 24, 25, 26, 27, 28, 29], "summary": {"covered_lines": 10, "num_statements": 10, "percent_covered": 100.0, "percent_covered_display": "100", "missing_lines": 0, "excluded_lines": 0}, "missing_lines": [], "excluded_lines": []}, "": {"executed_lines": [4, 5, 6, 7, 9, 10, 15, 16, 22, 23], "summary": {"covered_lines": 9, "num_statements": 9, "percent_covered": 100.0, "percent_covered_display": "100", "missing_lines": 0, "excluded_lines": 0}, "missing_lines": [], "excluded_lines": []}}}, "src/darca_space_manager/lock/lock_manager.py": {"executed_lines": [4, 5, 6, 9, 10, 17, 18, 27, 28], "summary": {"covered_lines": 8, "num_statements": 10, "percent_covered": 80.0, "percent_covered_display": "80", "missing_lines": 2, "excluded_lines": 0}, "missing_lines": [25, 32], "excluded_lines": [], "functions": {"LockManager.acquire": {"executed_lines": [], "summary": {"covered_lines": 0, "num_statements": 1, "percent_covered": 0.0, "percent_covered_display": "0", "missing_lines": 1, "excluded_lines": 0}, "missing_lines": [25], "excluded_lines": []}, "LockManager.acquire_many": {"executed_lines": [], "summary": {"covered_lines": 0, "num_statements": 1, "percent_covered": 0.0, "percent_covered_display": "0", "missing_lines": 1, "excluded_lines": 0}, "missing_lines": [32], "excluded_lines": []}, "": {"executed_lines": [4, 5, 6, 9, 10, 17, 18, 27, 28], "summary": {"covered_lines": 8, "num_statements": 8, "percent_covered": 100.0, "percent_covered_display": "100", "missing_lines": 0, "excluded_lines": 0}, "missing_lines": [], "excluded_lines": []}}, "classes": {"LockManager": {"executed_lines": [], "summary": {"covered_lines": 0, "num_statements": 2, "percent_covered": 0.0, "percent_covered_display": "0", "missing_lines": 2, "excluded_lines": 0}, "missing_lines": [25, 32], "excluded_lines": []}, "": {"executed_lines": [4, 5, 6, 9, 10, 17, 18, 27, 28], "summary": {"covered_lines": 8, "num_statements": 8, "percent_covered": 100.0, "percent_covered_display": "100", "missing_lines": 0, "excluded_lines": 0}, "missing_lines": [], "excluded_lines": []}}}, "src/darca_space_manager/lock/operation_lock.py": {"executed_lines": [1, 7, 8, 9, 10, 11, 12, 14, 17, 18, 24, 25, 26, 27, 28, 30, 31, 33, 34, 36, 37, 39, 41, 42, 43, 44, 45, 52, 53, 54, 55, 57], "summary": {"covered_lines": 30, "num_statements": 35, "percent_covered": 85.71428571428571, "percent_covered_display": "86", "missing_lines": 5, "excluded_lines": 0}, "missing_lines": [46, 47, 48, 49, 50], "excluded_lines": [], "functions": {"OperationLock.__init__": {"executed_lines": [25, 26, 27, 28, 30, 31], "summary": {"covered_lines": 6, "num_statements": 6, "percent_covered": 100.0, "percent_covered_display": "100", "missing_lines": 0, "excluded_lines": 0}, "missing_lines": [], "excluded_lines": []}, "OperationLock.__enter__": {"executed_lines": [34, 36, 37, 39, 41, 42, 43, 44, 45], "summary": {"covered_lines": 9, "num_statements": 14, "percent_covered": 64.28571428571429, "percent_covered_display": "64", "missing_lines": 5, "excluded_lines": 0}, "missing_lines": [46, 47, 48, 49, 50], "excluded_lines": []}, "OperationLock.__exit__": {"executed_lines": [53, 54, 55, 57], "summary": {"covered_lines": 4, "num_statements": 4, "percent_covered": 100.0, "percent_covered_display": "100", "missing_lines": 0, "excluded_lines": 0}, "missing_lines": [], "excluded_lines": []}, "": {"executed_lines": [1, 7, 8, 9, 10, 11, 12, 14, 17, 18, 24, 33, 52], "summary": {"covered_lines": 11, "num_statements": 11, "percent_covered": 100.0, "percent_covered_display": "100", "missing_lines": 0, "excluded_lines": 0}, "missing_lines": [], "excluded_lines": []}}, "classes": {"OperationLock": {"executed_lines": [25, 26, 27, 28, 30, 31, 34, 36, 37, 39, 41, 42, 43, 44, 45, 53, 54, 55, 57], "summary": {"covered_lines": 19, "num_statements": 24, "percent_covered": 79.16666666666667, "percent_covered_display": "79", "missing_lines": 5, "excluded_lines": 0}, "missing_lines": [46, 47, 48, 49, 50], "excluded_lines": []}, "": {"executed_lines": [1, 7, 8, 9, 10, 11, 12, 14, 17, 18, 24, 33, 52], "summary": {"covered_lines": 11, "num_statements": 11, "percent_covered": 100.0, "percent_covered_display": "100", "missing_lines": 0, "excluded_lines": 0}, "missing_lines": [], "excluded_lines": []}}}, "src/darca_space_manager/masterspace/masterspace_backend.py": {"executed_lines": [3, 4, 5, 7, 8, 9], "summary": {"covered_lines": 6, "num_statements": 7, "percent_covered": 85.71428571428571, "percent_covered_display": "86", "missing_lines": 1, "excluded_lines": 0}, "missing_lines": [10], "excluded_lines": [], "functions": {"MasterspaceBackend.get_client": {"executed_lines": [], "summary": {"covered_lines": 0, "num_statements": 1, "percent_covered": 0.0, "percent_covered_display": "0", "missing_lines": 1, "excluded_lines": 0}, "missing_lines": [10], "excluded_lines": []}, "": {"executed_lines": [3, 4, 5, 7, 8, 9], "summary": {"covered_lines": 6, "num_statements": 6, "percent_covered": 100.0, "percent_covered_display": "100", "missing_lines": 0, "excluded_lines": 0}, "missing_lines": [], "excluded_lines": []}}, "classes": {"MasterspaceBackend": {"executed_lines": [], "summary": {"covered_lines": 0, "num_statements": 1, "percent_covered": 0.0, "percent_covered_display": "0", "missing_lines": 1, "excluded_lines": 0}, "missing_lines": [10], "excluded_lines": []}, "": {"executed_lines": [3, 4, 5, 7, 8, 9], "summary": {"covered_lines": 6, "num_statements": 6, "percent_covered": 100.0, "percent_covered_display": "100", "missing_lines": 0, "excluded_lines": 0}, "missing_lines": [], "excluded_lines": []}}}, "src/darca_space_manager/masterspace/masterspace_repository_backend.py": {"executed_lines": [3, 4, 5, 6, 8, 9, 10, 12, 13, 16, 17, 18, 19, 20], "summary": {"covered_lines": 14, "num_statements": 17, "percent_covered": 82.3529411764706, "percent_covered_display": "82", "missing_lines": 3, "excluded_lines": 0}, "missing_lines": [14, 21, 22], "excluded_lines": [], "functions": {"RepositoryMasterspaceBackend.__init__": {"executed_lines": [10], "summary": {"covered_lines": 1, "num_statements": 1, "percent_covered": 100.0, "percent_covered_display": "100", "missing_lines": 0, "excluded_lines": 0}, "missing_lines": [], "excluded_lines": []}, "RepositoryMasterspaceBackend.get_client": {"executed_lines": [13, 16, 17, 18, 19, 20], "summary": {"covered_lines": 6, "num_statements": 9, "percent_covered": 66.66666666666667, "percent_covered_display": "67", "missing_lines": 3, "excluded_lines": 0}, "missing_lines": [14, 21, 22], "excluded_lines": []}, "": {"executed_lines": [3, 4, 5, 6, 8, 9, 12], "summary": {"covered_lines": 7, "num_statements": 7, "percent_covered": 100.0, "percent_covered_display": "100", "missing_lines": 0, "excluded_lines": 0}, "missing_lines": [], "excluded_lines": []}}, "classes": {"RepositoryMasterspaceBackend": {"executed_lines": [10, 13, 16, 17, 18, 19, 20], "summary": {"covered_lines": 7, "num_statements": 10, "percent_covered": 70.0, "percent_covered_display": "70", "missing_lines": 3, "excluded_lines": 0}, "missing_lines": [14, 21, 22], "excluded_lines": []}, "": {"executed_lines": [3, 4, 5, 6, 8, 9, 12], "summary": {"covered_lines": 7, "num_statements": 7, "percent_covered": 100.0, "percent_covered_display": "100", "missing_lines": 0, "excluded_lines": 0}, "missing_lines": [], "excluded_lines": []}}}, "src/darca_space_manager/metaspace/metaspace_backend.py": {"executed_lines": [3, 4, 7, 8, 18, 19, 23, 24, 28, 29, 43, 44, 48, 49, 60, 61, 64, 65, 68, 69, 72, 73, 80, 81, 85, 86, 90, 91, 99, 100], "summary": {"covered_lines": 29, "num_statements": 42, "percent_covered": 69.04761904761905, "percent_covered_display": "69", "missing_lines": 13, "excluded_lines": 0}, "missing_lines": [21, 26, 41, 46, 54, 62, 66, 70, 74, 83, 88, 93, 102], "excluded_lines": [], "functions": {"MetaspaceBackend.get_space": {"executed_lines": [], "summary": {"covered_lines": 0, "num_statements": 1, "percent_covered": 0.0, "percent_covered_display": "0", "missing_lines": 1, "excluded_lines": 0}, "missing_lines": [21], "excluded_lines": []}, "MetaspaceBackend.list_spaces": {"executed_lines": [], "summary": {"covered_lines": 0, "num_statements": 1, "percent_covered": 0.0, "percent_covered_display": "0", "missing_lines": 1, "excluded_lines": 0}, "missing_lines": [26], "excluded_lines": []}, "MetaspaceBackend.add_space": {"executed_lines": [], "summary": {"covered_lines": 0, "num_statements": 1, "percent_covered": 0.0, "percent_covered_display": "0", "missing_lines": 1, "excluded_lines": 0}, "missing_lines": [41], "excluded_lines": []}, "MetaspaceBackend.remove_space": {"executed_lines": [], "summary": {"covered_lines": 0, "num_statements": 1, "percent_covered": 0.0, "percent_covered_display": "0", "missing_lines": 1, "excluded_lines": 0}, "missing_lines": [46], "excluded_lines": []}, "MetaspaceBackend.rename_space": {"executed_lines": [], "summary": {"covered_lines": 0, "num_statements": 1, "percent_covered": 0.0, "percent_covered_display": "0", "missing_lines": 1, "excluded_lines": 0}, "missing_lines": [54], "excluded_lines": []}, "MetaspaceBackend.set_label": {"executed_lines": [], "summary": {"covered_lines": 0, "num_statements": 1, "percent_covered": 0.0, "percent_covered_display": "0", "missing_lines": 1, "excluded_lines": 0}, "missing_lines": [62], "excluded_lines": []}, "MetaspaceBackend.set_repository": {"executed_lines": [], "summary": {"covered_lines": 0, "num_statements": 1, "percent_covered": 0.0, "percent_covered_display": "0", "missing_lines": 1, "excluded_lines": 0}, "missing_lines": [66], "excluded_lines": []}, "MetaspaceBackend.set_owner": {"executed_lines": [], "summary": {"covered_lines": 0, "num_statements": 1, "percent_covered": 0.0, "percent_covered_display": "0", "missing_lines": 1, "excluded_lines": 0}, "missing_lines": [70], "excluded_lines": []}, "MetaspaceBackend.set_permissions": {"executed_lines": [], "summary": {"covered_lines": 0, "num_statements": 1, "percent_covered": 0.0, "percent_covered_display": "0", "missing_lines": 1, "excluded_lines": 0}, "missing_lines": [74], "excluded_lines": []}, "MetaspaceBackend.set_created_at": {"executed_lines": [], "summary": {"covered_lines": 0, "num_statements": 1, "percent_covered": 0.0, "percent_covered_display": "0", "missing_lines": 1, "excluded_lines": 0}, "missing_lines": [83], "excluded_lines": []}, "MetaspaceBackend.set_last_modified_at": {"executed_lines": [], "summary": {"covered_lines": 0, "num_statements": 1, "percent_covered": 0.0, "percent_covered_display": "0", "missing_lines": 1, "excluded_lines": 0}, "missing_lines": [88], "excluded_lines": []}, "MetaspaceBackend.touch": {"executed_lines": [], "summary": {"covered_lines": 0, "num_statements": 1, "percent_covered": 0.0, "percent_covered_display": "0", "missing_lines": 1, "excluded_lines": 0}, "missing_lines": [93], "excluded_lines": []}, "MetaspaceBackend.load_registry": {"executed_lines": [], "summary": {"covered_lines": 0, "num_statements": 1, "percent_covered": 0.0, "percent_covered_display": "0", "missing_lines": 1, "excluded_lines": 0}, "missing_lines": [102], "excluded_lines": []}, "": {"executed_lines": [3, 4, 7, 8, 18, 19, 23, 24, 28, 29, 43, 44, 48, 49, 60, 61, 64, 65, 68, 69, 72, 73, 80, 81, 85, 86, 90, 91, 99, 100], "summary": {"covered_lines": 29, "num_statements": 29, "percent_covered": 100.0, "percent_covered_display": "100", "missing_lines": 0, "excluded_lines": 0}, "missing_lines": [], "excluded_lines": []}}, "classes": {"MetaspaceBackend": {"executed_lines": [], "summary": {"covered_lines": 0, "num_statements": 13, "percent_covered": 0.0, "percent_covered_display": "0", "missing_lines": 13, "excluded_lines": 0}, "missing_lines": [21, 26, 41, 46, 54, 62, 66, 70, 74, 83, 88, 93, 102], "excluded_lines": []}, "": {"executed_lines": [3, 4, 7, 8, 18, 19, 23, 24, 28, 29, 43, 44, 48, 49, 60, 61, 64, 65, 68, 69, 72, 73, 80, 81, 85, 86, 90, 91, 99, 100], "summary": {"covered_lines": 29, "num_statements": 29, "percent_covered": 100.0, "percent_covered_display": "100", "missing_lines": 0, "excluded_lines": 0}, "missing_lines": [], "excluded_lines": []}}}, "src/darca_space_manager/metaspace/models.py": {"executed_lines": [1, 2, 3, 5, 6, 7, 8, 9, 10, 11, 12, 14, 15, 16, 17, 19, 21, 24, 25, 26, 28, 31, 32, 33, 35, 36, 37, 39, 40, 42, 44, 47, 48, 49, 51, 52], "summary": {"covered_lines": 36, "num_statements": 43, "percent_covered": 83.72093023255815, "percent_covered_display": "84", "missing_lines": 7, "excluded_lines": 0}, "missing_lines": [18, 22, 29, 38, 41, 45, 53], "excluded_lines": [], "functions": {"Space.validate_name": {"executed_lines": [17, 19], "summary": {"covered_lines": 2, "num_statements": 3, "percent_covered": 66.66666666666667, "percent_covered_display": "67", "missing_lines": 1, "excluded_lines": 0}, "missing_lines": [18], "excluded_lines": []}, "Space.to_dict": {"executed_lines": [], "summary": {"covered_lines": 0, "num_statements": 1, "percent_covered": 0.0, "percent_covered_display": "0", "missing_lines": 1, "excluded_lines": 0}, "missing_lines": [22], "excluded_lines": []}, "Space.from_dict": {"executed_lines": [26], "summary": {"covered_lines": 1, "num_statements": 1, "percent_covered": 100.0, "percent_covered_display": "100", "missing_lines": 0, "excluded_lines": 0}, "missing_lines": [], "excluded_lines": []}, "Space.__str__": {"executed_lines": [], "summary": {"covered_lines": 0, "num_statements": 1, "percent_covered": 0.0, "percent_covered_display": "0", "missing_lines": 1, "excluded_lines": 0}, "missing_lines": [29], "excluded_lines": []}, "SpaceURI.from_str": {"executed_lines": [37, 39, 40, 42], "summary": {"covered_lines": 4, "num_statements": 6, "percent_covered": 66.66666666666667, "percent_covered_display": "67", "missing_lines": 2, "excluded_lines": 0}, "missing_lines": [38, 41], "excluded_lines": []}, "SpaceURI.__str__": {"executed_lines": [], "summary": {"covered_lines": 0, "num_statements": 1, "percent_covered": 0.0, "percent_covered_display": "0", "missing_lines": 1, "excluded_lines": 0}, "missing_lines": [45], "excluded_lines": []}, "SpaceURI.space_name": {"executed_lines": [49], "summary": {"covered_lines": 1, "num_statements": 1, "percent_covered": 100.0, "percent_covered_display": "100", "missing_lines": 0, "excluded_lines": 0}, "missing_lines": [], "excluded_lines": []}, "SpaceURI.relative_path": {"executed_lines": [], "summary": {"covered_lines": 0, "num_statements": 1, "percent_covered": 0.0, "percent_covered_display": "0", "missing_lines": 1, "excluded_lines": 0}, "missing_lines": [53], "excluded_lines": []}, "": {"executed_lines": [1, 2, 3, 5, 6, 7, 8, 9, 10, 11, 12, 14, 15, 16, 21, 24, 25, 28, 31, 32, 33, 35, 36, 44, 47, 48, 51, 52], "summary": {"covered_lines": 28, "num_statements": 28, "percent_covered": 100.0, "percent_covered_display": "100", "missing_lines": 0, "excluded_lines": 0}, "missing_lines": [], "excluded_lines": []}}, "classes": {"Space": {"executed_lines": [17, 19, 26], "summary": {"covered_lines": 3, "num_statements": 6, "percent_covered": 50.0, "percent_covered_display": "50", "missing_lines": 3, "excluded_lines": 0}, "missing_lines": [18, 22, 29], "excluded_lines": []}, "SpaceURI": {"executed_lines": [37, 39, 40, 42, 49], "summary": {"covered_lines": 5, "num_statements": 9, "percent_covered": 55.55555555555556, "percent_covered_display": "56", "missing_lines": 4, "excluded_lines": 0}, "missing_lines": [38, 41, 45, 53], "excluded_lines": []}, "": {"executed_lines": [1, 2, 3, 5, 6, 7, 8, 9, 10, 11, 12, 14, 15, 16, 21, 24, 25, 28, 31, 32, 33, 35, 36, 44, 47, 48, 51, 52], "summary": {"covered_lines": 28, "num_statements": 28, "percent_covered": 100.0, "percent_covered_display": "100", "missing_lines": 0, "excluded_lines": 0}, "missing_lines": [], "excluded_lines": []}}}, "src/darca_space_manager/metaspace/yaml_metaspace_backend.py": {"executed_lines": [4, 5, 6, 7, 9, 10, 11, 12, 14, 16, 19, 20, 27, 28, 29, 31, 32, 33, 34, 39, 40, 41, 46, 47, 48, 49, 50, 51, 56, 60, 61, 62, 64, 65, 66, 72, 80, 81, 82, 84, 85, 86, 88, 89, 91, 92, 94, 95, 96, 98, 99, 100, 101, 102, 103, 109, 110, 111, 113, 116, 117, 118, 119, 120, 121, 127, 128, 130, 131, 133, 134, 136, 137, 139, 142, 145, 146, 152, 153, 156, 157, 159, 160, 162, 163, 165, 167, 168], "summary": {"covered_lines": 87, "num_statements": 100, "percent_covered": 87.0, "percent_covered_display": "87", "missing_lines": 13, "excluded_lines": 0}, "missing_lines": [42, 43, 44, 52, 53, 54, 57, 58, 112, 114, 140, 143, 154], "excluded_lines": [], "functions": {"YamlMetaspaceBackend.__init__": {"executed_lines": [28, 29], "summary": {"covered_lines": 2, "num_statements": 2, "percent_covered": 100.0, "percent_covered_display": "100", "missing_lines": 0, "excluded_lines": 0}, "missing_lines": [], "excluded_lines": []}, "YamlMetaspaceBackend._load_registry": {"executed_lines": [32, 33, 34, 39, 40, 41], "summary": {"covered_lines": 6, "num_statements": 9, "percent_covered": 66.66666666666667, "percent_covered_display": "67", "missing_lines": 3, "excluded_lines": 0}, "missing_lines": [42, 43, 44], "excluded_lines": []}, "YamlMetaspaceBackend.save_registry": {"executed_lines": [47, 48, 49, 50, 51], "summary": {"covered_lines": 5, "num_statements": 8, "percent_covered": 62.5, "percent_covered_display": "62", "missing_lines": 3, "excluded_lines": 0}, "missing_lines": [52, 53, 54], "excluded_lines": []}, "YamlMetaspaceBackend.load_registry": {"executed_lines": [], "summary": {"covered_lines": 0, "num_statements": 2, "percent_covered": 0.0, "percent_covered_display": "0", "missing_lines": 2, "excluded_lines": 0}, "missing_lines": [57, 58], "excluded_lines": []}, "YamlMetaspaceBackend.get_space": {"executed_lines": [61, 62], "summary": {"covered_lines": 2, "num_statements": 2, "percent_covered": 100.0, "percent_covered_display": "100", "missing_lines": 0, "excluded_lines": 0}, "missing_lines": [], "excluded_lines": []}, "YamlMetaspaceBackend.list_spaces": {"executed_lines": [65, 66], "summary": {"covered_lines": 2, "num_statements": 2, "percent_covered": 100.0, "percent_covered_display": "100", "missing_lines": 0, "excluded_lines": 0}, "missing_lines": [], "excluded_lines": []}, "YamlMetaspaceBackend.add_space": {"executed_lines": [80, 81, 82, 84, 85, 86, 88, 89, 91, 92, 94, 95, 96], "summary": {"covered_lines": 13, "num_statements": 13, "percent_covered": 100.0, "percent_covered_display": "100", "missing_lines": 0, "excluded_lines": 0}, "missing_lines": [], "excluded_lines": []}, "YamlMetaspaceBackend.remove_space": {"executed_lines": [99, 100, 101, 102, 103], "summary": {"covered_lines": 5, "num_statements": 5, "percent_covered": 100.0, "percent_covered_display": "100", "missing_lines": 0, "excluded_lines": 0}, "missing_lines": [], "excluded_lines": []}, "YamlMetaspaceBackend.rename_space": {"executed_lines": [110, 111, 113, 116, 117, 118, 119, 120, 121], "summary": {"covered_lines": 9, "num_statements": 11, "percent_covered": 81.81818181818181, "percent_covered_display": "82", "missing_lines": 2, "excluded_lines": 0}, "missing_lines": [112, 114], "excluded_lines": []}, "YamlMetaspaceBackend.set_label": {"executed_lines": [128], "summary": {"covered_lines": 1, "num_statements": 1, "percent_covered": 100.0, "percent_covered_display": "100", "missing_lines": 0, "excluded_lines": 0}, "missing_lines": [], "excluded_lines": []}, "YamlMetaspaceBackend.set_repository": {"executed_lines": [131], "summary": {"covered_lines": 1, "num_statements": 1, "percent_covered": 100.0, "percent_covered_display": "100", "missing_lines": 0, "excluded_lines": 0}, "missing_lines": [], "excluded_lines": []}, "YamlMetaspaceBackend.set_owner": {"executed_lines": [134], "summary": {"covered_lines": 1, "num_statements": 1, "percent_covered": 100.0, "percent_covered_display": "100", "missing_lines": 0, "excluded_lines": 0}, "missing_lines": [], "excluded_lines": []}, "YamlMetaspaceBackend.set_permissions": {"executed_lines": [137], "summary": {"covered_lines": 1, "num_statements": 1, "percent_covered": 100.0, "percent_covered_display": "100", "missing_lines": 0, "excluded_lines": 0}, "missing_lines": [], "excluded_lines": []}, "YamlMetaspaceBackend.set_created_at": {"executed_lines": [], "summary": {"covered_lines": 0, "num_statements": 1, "percent_covered": 0.0, "percent_covered_display": "0", "missing_lines": 1, "excluded_lines": 0}, "missing_lines": [140], "excluded_lines": []}, "YamlMetaspaceBackend.set_last_modified_at": {"executed_lines": [], "summary": {"covered_lines": 0, "num_statements": 1, "percent_covered": 0.0, "percent_covered_display": "0", "missing_lines": 1, "excluded_lines": 0}, "missing_lines": [143], "excluded_lines": []}, "YamlMetaspaceBackend.touch": {"executed_lines": [146], "summary": {"covered_lines": 1, "num_statements": 1, "percent_covered": 100.0, "percent_covered_display": "100", "missing_lines": 0, "excluded_lines": 0}, "missing_lines": [], "excluded_lines": []}, "YamlMetaspaceBackend._update": {"executed_lines": [153, 156, 157, 159, 160, 162, 163], "summary": {"covered_lines": 7, "num_statements": 8, "percent_covered": 87.5, "percent_covered_display": "88", "missing_lines": 1, "excluded_lines": 0}, "missing_lines": [154], "excluded_lines": []}, "YamlMetaspaceBackend._set_created_at_internal": {"executed_lines": [167, 168], "summary": {"covered_lines": 2, "num_statements": 2, "percent_covered": 100.0, "percent_covered_display": "100", "missing_lines": 0, "excluded_lines": 0}, "missing_lines": [], "excluded_lines": []}, "": {"executed_lines": [4, 5, 6, 7, 9, 10, 11, 12, 14, 16, 19, 20, 27, 31, 46, 56, 60, 64, 72, 98, 109, 127, 130, 133, 136, 139, 142, 145, 152, 165], "summary": {"covered_lines": 29, "num_statements": 29, "percent_covered": 100.0, "percent_covered_display": "100", "missing_lines": 0, "excluded_lines": 0}, "missing_lines": [], "excluded_lines": []}}, "classes": {"YamlMetaspaceBackend": {"executed_lines": [28, 29, 32, 33, 34, 39, 40, 41, 47, 48, 49, 50, 51, 61, 62, 65, 66, 80, 81, 82, 84, 85, 86, 88, 89, 91, 92, 94, 95, 96, 99, 100, 101, 102, 103, 110, 111, 113, 116, 117, 118, 119, 120, 121, 128, 131, 134, 137, 146, 153, 156, 157, 159, 160, 162, 163, 167, 168], "summary": {"covered_lines": 58, "num_statements": 71, "percent_covered": 81.69014084507042, "percent_covered_display": "82", "missing_lines": 13, "excluded_lines": 0}, "missing_lines": [42, 43, 44, 52, 53, 54, 57, 58, 112, 114, 140, 143, 154], "excluded_lines": []}, "": {"executed_lines": [4, 5, 6, 7, 9, 10, 11, 12, 14, 16, 19, 20, 27, 31, 46, 56, 60, 64, 72, 98, 109, 127, 130, 133, 136, 139, 142, 145, 152, 165], "summary": {"covered_lines": 29, "num_statements": 29, "percent_covered": 100.0, "percent_covered_display": "100", "missing_lines": 0, "excluded_lines": 0}, "missing_lines": [], "excluded_lines": []}}}}, "totals": {"covered_lines": 425, "num_statements": 522, "percent_covered": 81.4176245210728, "percent_covered_display": "81", "missing_lines": 97, "excluded_lines": 0}}