{"meta": {"format": 3, "version": "7.7.1", "timestamp": "2025-03-24T23:15:00.911133", "branch_coverage": false, "show_contexts": false}, "files": {"src/darca_space_manager/__init__.py": {"executed_lines": [0], "summary": {"covered_lines": 0, "num_statements": 0, "percent_covered": 100.0, "percent_covered_display": "100", "missing_lines": 0, "excluded_lines": 0}, "missing_lines": [], "excluded_lines": [], "functions": {"": {"executed_lines": [], "summary": {"covered_lines": 0, "num_statements": 0, "percent_covered": 100.0, "percent_covered_display": "100", "missing_lines": 0, "excluded_lines": 0}, "missing_lines": [], "excluded_lines": []}}, "classes": {"": {"executed_lines": [], "summary": {"covered_lines": 0, "num_statements": 0, "percent_covered": 100.0, "percent_covered_display": "100", "missing_lines": 0, "excluded_lines": 0}, "missing_lines": [], "excluded_lines": []}}}, "src/darca_space_manager/__version__.py": {"executed_lines": [3, 4, 5], "summary": {"covered_lines": 3, "num_statements": 3, "percent_covered": 100.0, "percent_covered_display": "100", "missing_lines": 0, "excluded_lines": 0}, "missing_lines": [], "excluded_lines": [], "functions": {"": {"executed_lines": [3, 4, 5], "summary": {"covered_lines": 3, "num_statements": 3, "percent_covered": 100.0, "percent_covered_display": "100", "missing_lines": 0, "excluded_lines": 0}, "missing_lines": [], "excluded_lines": []}}, "classes": {"": {"executed_lines": [3, 4, 5], "summary": {"covered_lines": 3, "num_statements": 3, "percent_covered": 100.0, "percent_covered_display": "100", "missing_lines": 0, "excluded_lines": 0}, "missing_lines": [], "excluded_lines": []}}}, "src/darca_space_manager/config.py": {"executed_lines": [1, 4, 7, 10, 17, 18], "summary": {"covered_lines": 6, "num_statements": 6, "percent_covered": 100.0, "percent_covered_display": "100", "missing_lines": 0, "excluded_lines": 0}, "missing_lines": [], "excluded_lines": [], "functions": {"": {"executed_lines": [1, 4, 7, 10, 17, 18], "summary": {"covered_lines": 6, "num_statements": 6, "percent_covered": 100.0, "percent_covered_display": "100", "missing_lines": 0, "excluded_lines": 0}, "missing_lines": [], "excluded_lines": []}}, "classes": {"": {"executed_lines": [1, 4, 7, 10, 17, 18], "summary": {"covered_lines": 6, "num_statements": 6, "percent_covered": 100.0, "percent_covered_display": "100", "missing_lines": 0, "excluded_lines": 0}, "missing_lines": [], "excluded_lines": []}}}, "src/darca_space_manager/space_file_manager.py": {"executed_lines": [1, 9, 10, 11, 13, 14, 15, 16, 17, 19, 22, 25, 26, 28, 29, 37, 38, 42, 43, 45, 46, 47, 52, 57, 58, 59, 67, 69, 70, 71, 73, 88, 89, 93, 94, 95, 96, 106, 124, 125, 129, 130, 131, 132, 133, 134, 135, 139, 148, 149, 151, 160, 161, 162, 163, 164, 174, 188, 189, 193, 194, 195, 196, 206, 220, 224, 225, 226, 229, 230], "summary": {"covered_lines": 67, "num_statements": 67, "percent_covered": 100.0, "percent_covered_display": "100", "missing_lines": 0, "excluded_lines": 0}, "missing_lines": [], "excluded_lines": [], "functions": {"SpaceFileManagerException.__init__": {"executed_lines": [29], "summary": {"covered_lines": 1, "num_statements": 1, "percent_covered": 100.0, "percent_covered_display": "100", "missing_lines": 0, "excluded_lines": 0}, "missing_lines": [], "excluded_lines": []}, "SpaceFileManager.__init__": {"executed_lines": [43], "summary": {"covered_lines": 1, "num_statements": 1, "percent_covered": 100.0, "percent_covered_display": "100", "missing_lines": 0, "excluded_lines": 0}, "missing_lines": [], "excluded_lines": []}, "SpaceFileManager._resolve_file_path": {"executed_lines": [46, 47, 52, 57, 58, 59, 67], "summary": {"covered_lines": 7, "num_statements": 7, "percent_covered": 100.0, "percent_covered_display": "100", "missing_lines": 0, "excluded_lines": 0}, "missing_lines": [], "excluded_lines": []}, "SpaceFileManager.file_exists": {"executed_lines": [70, 71], "summary": {"covered_lines": 2, "num_statements": 2, "percent_covered": 100.0, "percent_covered_display": "100", "missing_lines": 0, "excluded_lines": 0}, "missing_lines": [], "excluded_lines": []}, "SpaceFileManager.get_file": {"executed_lines": [88, 89, 93, 94, 95, 96], "summary": {"covered_lines": 6, "num_statements": 6, "percent_covered": 100.0, "percent_covered_display": "100", "missing_lines": 0, "excluded_lines": 0}, "missing_lines": [], "excluded_lines": []}, "SpaceFileManager.set_file": {"executed_lines": [124, 125, 129, 130, 131, 132, 133, 134, 135, 139, 148, 149, 151, 160, 161, 162, 163, 164], "summary": {"covered_lines": 18, "num_statements": 18, "percent_covered": 100.0, "percent_covered_display": "100", "missing_lines": 0, "excluded_lines": 0}, "missing_lines": [], "excluded_lines": []}, "SpaceFileManager.delete_file": {"executed_lines": [188, 189, 193, 194, 195, 196], "summary": {"covered_lines": 6, "num_statements": 6, "percent_covered": 100.0, "percent_covered_display": "100", "missing_lines": 0, "excluded_lines": 0}, "missing_lines": [], "excluded_lines": []}, "SpaceFileManager.list_files": {"executed_lines": [220, 224, 225, 226, 229, 230], "summary": {"covered_lines": 6, "num_statements": 6, "percent_covered": 100.0, "percent_covered_display": "100", "missing_lines": 0, "excluded_lines": 0}, "missing_lines": [], "excluded_lines": []}, "": {"executed_lines": [1, 9, 10, 11, 13, 14, 15, 16, 17, 19, 22, 25, 26, 28, 37, 38, 42, 45, 69, 73, 106, 174, 206], "summary": {"covered_lines": 20, "num_statements": 20, "percent_covered": 100.0, "percent_covered_display": "100", "missing_lines": 0, "excluded_lines": 0}, "missing_lines": [], "excluded_lines": []}}, "classes": {"SpaceFileManagerException": {"executed_lines": [29], "summary": {"covered_lines": 1, "num_statements": 1, "percent_covered": 100.0, "percent_covered_display": "100", "missing_lines": 0, "excluded_lines": 0}, "missing_lines": [], "excluded_lines": []}, "SpaceFileManager": {"executed_lines": [43, 46, 47, 52, 57, 58, 59, 67, 70, 71, 88, 89, 93, 94, 95, 96, 124, 125, 129, 130, 131, 132, 133, 134, 135, 139, 148, 149, 151, 160, 161, 162, 163, 164, 188, 189, 193, 194, 195, 196, 220, 224, 225, 226, 229, 230], "summary": {"covered_lines": 46, "num_statements": 46, "percent_covered": 100.0, "percent_covered_display": "100", "missing_lines": 0, "excluded_lines": 0}, "missing_lines": [], "excluded_lines": []}, "": {"executed_lines": [1, 9, 10, 11, 13, 14, 15, 16, 17, 19, 22, 25, 26, 28, 37, 38, 42, 45, 69, 73, 106, 174, 206], "summary": {"covered_lines": 20, "num_statements": 20, "percent_covered": 100.0, "percent_covered_display": "100", "missing_lines": 0, "excluded_lines": 0}, "missing_lines": [], "excluded_lines": []}}}, "src/darca_space_manager/space_manager.py": {"executed_lines": [1, 10, 11, 12, 14, 15, 16, 17, 18, 20, 23, 26, 27, 29, 30, 38, 39, 43, 44, 45, 47, 48, 50, 51, 53, 63, 64, 65, 67, 74, 75, 76, 77, 78, 84, 91, 92, 93, 95, 105, 111, 112, 114, 127, 129, 130, 136, 137, 138, 139, 146, 148, 149, 154, 156, 157, 164, 165, 167, 180, 182, 183, 189, 190, 191, 192, 199, 212, 214, 215, 221, 222, 223, 224, 231, 232, 233, 234, 235, 236, 243, 244], "summary": {"covered_lines": 79, "num_statements": 79, "percent_covered": 100.0, "percent_covered_display": "100", "missing_lines": 0, "excluded_lines": 0}, "missing_lines": [], "excluded_lines": [], "functions": {"SpaceManagerException.__init__": {"executed_lines": [30], "summary": {"covered_lines": 1, "num_statements": 1, "percent_covered": 100.0, "percent_covered_display": "100", "missing_lines": 0, "excluded_lines": 0}, "missing_lines": [], "excluded_lines": []}, "SpaceManager.__init__": {"executed_lines": [44, 45], "summary": {"covered_lines": 2, "num_statements": 2, "percent_covered": 100.0, "percent_covered_display": "100", "missing_lines": 0, "excluded_lines": 0}, "missing_lines": [], "excluded_lines": []}, "SpaceManager._get_space_path": {"executed_lines": [48], "summary": {"covered_lines": 1, "num_statements": 1, "percent_covered": 100.0, "percent_covered_display": "100", "missing_lines": 0, "excluded_lines": 0}, "missing_lines": [], "excluded_lines": []}, "SpaceManager._get_metadata_path": {"executed_lines": [51], "summary": {"covered_lines": 1, "num_statements": 1, "percent_covered": 100.0, "percent_covered_display": "100", "missing_lines": 0, "excluded_lines": 0}, "missing_lines": [], "excluded_lines": []}, "SpaceManager.space_exists": {"executed_lines": [63, 64, 65], "summary": {"covered_lines": 3, "num_statements": 3, "percent_covered": 100.0, "percent_covered_display": "100", "missing_lines": 0, "excluded_lines": 0}, "missing_lines": [], "excluded_lines": []}, "SpaceManager.list_spaces": {"executed_lines": [74, 75, 76, 77, 78], "summary": {"covered_lines": 5, "num_statements": 5, "percent_covered": 100.0, "percent_covered_display": "100", "missing_lines": 0, "excluded_lines": 0}, "missing_lines": [], "excluded_lines": []}, "SpaceManager.count_spaces": {"executed_lines": [91, 92, 93], "summary": {"covered_lines": 3, "num_statements": 3, "percent_covered": 100.0, "percent_covered_display": "100", "missing_lines": 0, "excluded_lines": 0}, "missing_lines": [], "excluded_lines": []}, "SpaceManager._generate_metadata": {"executed_lines": [105, 111, 112], "summary": {"covered_lines": 3, "num_statements": 3, "percent_covered": 100.0, "percent_covered_display": "100", "missing_lines": 0, "excluded_lines": 0}, "missing_lines": [], "excluded_lines": []}, "SpaceManager.create_space": {"executed_lines": [127, 129, 130, 136, 137, 138, 139, 146, 148, 149, 154, 156, 157, 164, 165], "summary": {"covered_lines": 15, "num_statements": 15, "percent_covered": 100.0, "percent_covered_display": "100", "missing_lines": 0, "excluded_lines": 0}, "missing_lines": [], "excluded_lines": []}, "SpaceManager.get_space_metadata": {"executed_lines": [180, 182, 183, 189, 190, 191, 192], "summary": {"covered_lines": 7, "num_statements": 7, "percent_covered": 100.0, "percent_covered_display": "100", "missing_lines": 0, "excluded_lines": 0}, "missing_lines": [], "excluded_lines": []}, "SpaceManager.delete_space": {"executed_lines": [212, 214, 215, 221, 222, 223, 224, 231, 232, 233, 234, 235, 236, 243, 244], "summary": {"covered_lines": 15, "num_statements": 15, "percent_covered": 100.0, "percent_covered_display": "100", "missing_lines": 0, "excluded_lines": 0}, "missing_lines": [], "excluded_lines": []}, "": {"executed_lines": [1, 10, 11, 12, 14, 15, 16, 17, 18, 20, 23, 26, 27, 29, 38, 39, 43, 47, 50, 53, 67, 84, 95, 114, 167, 199], "summary": {"covered_lines": 23, "num_statements": 23, "percent_covered": 100.0, "percent_covered_display": "100", "missing_lines": 0, "excluded_lines": 0}, "missing_lines": [], "excluded_lines": []}}, "classes": {"SpaceManagerException": {"executed_lines": [30], "summary": {"covered_lines": 1, "num_statements": 1, "percent_covered": 100.0, "percent_covered_display": "100", "missing_lines": 0, "excluded_lines": 0}, "missing_lines": [], "excluded_lines": []}, "SpaceManager": {"executed_lines": [44, 45, 48, 51, 63, 64, 65, 74, 75, 76, 77, 78, 91, 92, 93, 105, 111, 112, 127, 129, 130, 136, 137, 138, 139, 146, 148, 149, 154, 156, 157, 164, 165, 180, 182, 183, 189, 190, 191, 192, 212, 214, 215, 221, 222, 223, 224, 231, 232, 233, 234, 235, 236, 243, 244], "summary": {"covered_lines": 55, "num_statements": 55, "percent_covered": 100.0, "percent_covered_display": "100", "missing_lines": 0, "excluded_lines": 0}, "missing_lines": [], "excluded_lines": []}, "": {"executed_lines": [1, 10, 11, 12, 14, 15, 16, 17, 18, 20, 23, 26, 27, 29, 38, 39, 43, 47, 50, 53, 67, 84, 95, 114, 167, 199], "summary": {"covered_lines": 23, "num_statements": 23, "percent_covered": 100.0, "percent_covered_display": "100", "missing_lines": 0, "excluded_lines": 0}, "missing_lines": [], "excluded_lines": []}}}}, "totals": {"covered_lines": 155, "num_statements": 155, "percent_covered": 100.0, "percent_covered_display": "100", "missing_lines": 0, "excluded_lines": 0}}